<?xml version="1.0" encoding="UTF-8" ?>
<testsuite tests="3" failures="0" name="cucumber.CucumberRunnerTest" time="1.473" errors="0" skipped="0">
  <properties>
[...]
</properties>
  <testcase classname="AND Connector Scenarios" name="Rule should fired as person exist" time="1.448"/>
  <testcase classname="Not Connector Scenarios" name="Rule doesn&apos;t fired as person exist" time="0.023"/>
  <testcase classname="Not Connector Scenarios" name="Rule fired as person doesn&apos;t exist" time="0.002"/>
</testsuite>